make all --print-data-base --no-builtin-variables --no-builtin-rules --question
# GNU Make 3.81
# Copyright (C) 2006  Free Software Foundation, Inc.
# This is free software; see the source for copying conditions.
# There is NO warranty; not even for MERCHANTABILITY or FITNESS FOR A
# PARTICULAR PURPOSE.

# This program built for i386-apple-darwin11.3.0
 

# Make data base, printed on Tue Aug 23 23:44:52 2022
 

# Variables

# automatic
<D = $(patsubst %/,%,$(dir $<))
# automatic
?F = $(notdir $?)
# automatic
?D = $(patsubst %/,%,$(dir $?))
# automatic
@D = $(patsubst %/,%,$(dir $@))
# automatic
@F = $(notdir $@)
# makefile
CURDIR := /Users/otoufah/Desktop/Here_we_go
# makefile
SHELL = /bin/sh
# environment
VSCODE_NLS_CONFIG = {"locale":"en-us","availableLanguages":{},"_languagePackSupport":true}
# environment
_ = /usr/bin/make
# makefile (from `Makefile', line 1)
MAKEFILE_LIST :=  Makefile
# environment
VSCODE_CWD = /
# environment
Apple_PubSub_Socket_Render = /private/tmp/com.apple.launchd.0nVvvZZyrO/Render
# environment
PATH = /usr/bin:/bin:/usr/sbin:/sbin
# makefile (from `Makefile', line 5)
C_READLINE_POMS = -lreadline -L /Users/otoufah/goinfre/homebrew/opt/readline/lib -I /Users/otoufah/goinfre/homebrew/opt/readline/include
# environment
ELECTRON_RUN_AS_NODE = 1
# default
.FEATURES := target-specific order-only second-expansion else-if archives jobserver check-symlink
# environment
SSH_AUTH_SOCK = /private/tmp/com.apple.launchd.lCd1XlOXYL/Listeners
# automatic
%F = $(notdir $%)
# environment
PWD = /Users/otoufah/Desktop/Here_we_go
# environment
ORIGINAL_XDG_CURRENT_DESKTOP = undefined
# environment
VSCODE_AMD_ENTRYPOINT = vs/workbench/api/node/extensionHostProcess
# environment
HOME = /Users/otoufah
# default
MAKEFILEPATH := /Applications/Xcode.app/Contents/Developer/Makefiles
# environment
VSCODE_CODE_CACHE_PATH = /Users/otoufah/Library/Application Support/Code/CachedData/e4503b30fc78200f846c62cf8091b76ff5547662
# environment
LOGNAME = otoufah
# environment
APPLICATION_INSIGHTS_NO_DIAGNOSTIC_CHANNEL = true
# makefile (from `Makefile', line 7)
C_READLINE_ABOU = -L /goinfre/abouchfa/.brew/opt/readline/lib -I /goinfre/abouchfa/.brew/opt/readline/include
# environment
VSCODE_HANDLES_UNCAUGHT_ERRORS = true
# automatic
^D = $(patsubst %/,%,$(dir $^))
# environment
XPC_FLAGS = 0x0
# default
MAKE = $(MAKE_COMMAND)
# default
MAKECMDGOALS := all
# environment
SHLVL = 1
# default
MAKE_VERSION := 3.81
# environment
USER = otoufah
# makefile
.DEFAULT_GOAL := all
# makefile (from `Makefile', line 1)
NAME = Minishell
# automatic
%D = $(patsubst %/,%,$(dir $%))
# default
MAKE_COMMAND := /Applications/Xcode.app/Contents/Developer/usr/bin/make
# default
.VARIABLES := 
# environment
TMPDIR = /var/folders/zz/zyxvpxvq6csfxvn_n0000jg00004br/T/
# automatic
*F = $(notdir $*)
# environment
VSCODE_IPC_HOOK = /Users/otoufah/Library/Application Support/Code/1.70.2-main.sock
# environment
MallocNanoZone = 0
# makefile
MAKEFLAGS = Rrqp
# environment
MFLAGS = -Rrqp
# automatic
*D = $(patsubst %/,%,$(dir $*))
# environment
XPC_SERVICE_NAME = com.apple.xpc.launchd.oneshot.0x10000003.Electron
# automatic
+D = $(patsubst %/,%,$(dir $+))
# automatic
+F = $(notdir $+)
# makefile (from `Makefile', line 11)
F_REMOVE = rm -rf
# environment
__CF_USER_TEXT_ENCODING = 0x1178:0x0:0x0
# environment
COMMAND_MODE = unix2003
# default
MAKEFILES := 
# automatic
<F = $(notdir $<)
# makefile (from `Makefile', line 3)
C_FLAGS = gcc
# environment
LC_ALL = C
# environment
SECURITYSESSIONID = 186a7
# automatic
^F = $(notdir $^)
# default
SUFFIXES := 
# makefile (from `Makefile', line 9)
ADDI_FLAGS = -fsanitize=address -g
# default
.INCLUDE_DIRS = /usr/local/include
# makefile (from `Makefile', line 13)
C_FILES = minishell.c Utils/ft_itoa.c Utils/validate_var_name.c Utils/free_funcs.c Utils/env_dup.c Utils/get_var_index.c Utils/ft_putstr_fd.c Utils/ft_atoi.c Utils/ft_strncpy.c Utils/ft_split.c Utils/ft_substr.c Utils/ft_strlen.c Utils/ft_strstr.c Utils/ft_strjoin.c Utils/ft_strcmp.c Utils/ft_strncmp.c Utils/ft_strdup.c Utils/ft_calloc.c Utils/ft_strchr.c Utils/ft_realloc.c Utils/ft_isalpha.c Utils/ft_isdigit.c Utils/gnl.c Utils/ft_strnstr.c Utils/get_var_val.c Parsing/singles_doubles_quotes.c Parsing/get_env_in_herdoc.c Parsing/get_env_variables.c Parsing/input_formating.c Parsing/spliting_with_spaces.c Parsing/input_analyse.c Parsing/input_counter.c Parsing/get_pipe_data.c Parsing/handling_quotes.c Parsing/check_parse_errors.c Builtins/mcd.c Builtins/mecho.c Builtins/menv.c Builtins/mexit.c Builtins/mexport.c Builtins/mpwd.c Builtins/munset.c Execution/execution.c Execution/input_validation_funcs.c 
# environment
MAKELEVEL := 0
# environment
LANG = C
# environment
VSCODE_PID = 34079
# variable set hash-table stats:
# Load=66/1024=6%, Rehash=0, Collisions=2/100=2%

# Pattern-specific Variable Values

# No pattern-specific variable values.

# Directories

# . (device 16777227, inode 1067082): 16 files, no impossibilities.

# 16 files, no impossibilities in 1 directories.

# Implicit Rules

# No implicit rules.

# Files

# Not a target:
Builtins/munset.c:
#  Implicit rule search has been done.
#  Last modified 2022-08-23 16:36:56
#  File has been updated.
#  Successfully updated.
# variable set hash-table stats:
# Load=0/32=0%, Rehash=0, Collisions=0/0=0%

# Not a target:
Parsing/input_analyse.c:
#  Implicit rule search has been done.
#  Last modified 2022-08-23 17:00:07
#  File has been updated.
#  Successfully updated.
# variable set hash-table stats:
# Load=0/32=0%, Rehash=0, Collisions=0/0=0%

# Not a target:
Utils/ft_isalpha.c:
#  Implicit rule search has been done.
#  Last modified 2022-08-23 16:42:58
#  File has been updated.
#  Successfully updated.
# variable set hash-table stats:
# Load=0/32=0%, Rehash=0, Collisions=0/0=0%

# Not a target:
Utils/get_var_val.c:
#  Implicit rule search has been done.
#  Last modified 2022-08-23 16:47:15
#  File has been updated.
#  Successfully updated.
# variable set hash-table stats:
# Load=0/32=0%, Rehash=0, Collisions=0/0=0%

# Not a target:
Parsing/input_counter.c:
#  Implicit rule search has been done.
#  Last modified 2022-08-23 16:58:12
#  File has been updated.
#  Successfully updated.
# variable set hash-table stats:
# Load=0/32=0%, Rehash=0, Collisions=0/0=0%

all: Minishell
#  Phony target (prerequisite of .PHONY).
#  Command-line target.
#  Implicit rule search has not been done.
#  File does not exist.
#  File has been updated.
#  Needs to be updated (-q is set).
# variable set hash-table stats:
# Load=0/32=0%, Rehash=0, Collisions=0/7=0%

# Not a target:
Utils/ft_strncpy.c:
#  Implicit rule search has been done.
#  Last modified 2022-08-23 16:42:31
#  File has been updated.
#  Successfully updated.
# variable set hash-table stats:
# Load=0/32=0%, Rehash=0, Collisions=0/0=0%

# Not a target:
Utils/ft_strncmp.c:
#  Implicit rule search has been done.
#  Last modified 2022-08-23 16:42:20
#  File has been updated.
#  Successfully updated.
# variable set hash-table stats:
# Load=0/32=0%, Rehash=0, Collisions=0/0=0%

.PHONY: all clean fclean re
#  Implicit rule search has not been done.
#  Modification time never checked.
#  File has not been updated.

# Not a target:
Utils/ft_strcmp.c:
#  Implicit rule search has been done.
#  Last modified 2022-08-16 10:51:47
#  File has been updated.
#  Successfully updated.
# variable set hash-table stats:
# Load=0/32=0%, Rehash=0, Collisions=0/0=0%

# Not a target:
Utils/ft_realloc.c:
#  Implicit rule search has been done.
#  Last modified 2022-08-23 16:43:10
#  File has been updated.
#  Successfully updated.
# variable set hash-table stats:
# Load=0/32=0%, Rehash=0, Collisions=0/0=0%

# Not a target:
Utils/ft_strdup.c:
#  Implicit rule search has been done.
#  Last modified 2022-08-09 11:04:05
#  File has been updated.
#  Successfully updated.
# variable set hash-table stats:
# Load=0/32=0%, Rehash=0, Collisions=0/0=0%

# Not a target:
Parsing/get_env_in_herdoc.c:
#  Implicit rule search has been done.
#  Last modified 2022-08-23 17:08:33
#  File has been updated.
#  Successfully updated.
# variable set hash-table stats:
# Load=0/32=0%, Rehash=0, Collisions=0/0=0%

# Not a target:
Utils/ft_strchr.c:
#  Implicit rule search has been done.
#  Last modified 2022-08-23 16:48:06
#  File has been updated.
#  Successfully updated.
# variable set hash-table stats:
# Load=0/32=0%, Rehash=0, Collisions=0/0=0%

# Not a target:
.SUFFIXES:
#  Implicit rule search has not been done.
#  Modification time never checked.
#  File has not been updated.

# Not a target:
Utils/ft_putstr_fd.c:
 
#  Implicit rule search has been done.
#  Last modified 2022-08-09 11:04:05
#  File has been updated.
#  Successfully updated.
# variable set hash-table stats:
# Load=0/32=0%, Rehash=0, Collisions=0/0=0%

# Not a target:
Makefile:
#  Implicit rule search has been done.
#  Last modified 2022-08-23 19:59:10
#  File has been updated.
#  Successfully updated.
# variable set hash-table stats:
# Load=0/32=0%, Rehash=0, Collisions=0/0=0%

# Not a target:
Utils/ft_strstr.c:
#  Implicit rule search has been done.
#  Last modified 2022-08-23 16:45:58
#  File has been updated.
#  Successfully updated.
# variable set hash-table stats:
# Load=0/32=0%, Rehash=0, Collisions=0/0=0%

# Not a target:
Execution/execution.c:
#  Implicit rule search has been done.
#  Last modified 2022-08-23 16:17:30
#  File has been updated.
#  Successfully updated.
# variable set hash-table stats:
# Load=0/32=0%, Rehash=0, Collisions=0/0=0%

# Not a target:
Parsing/singles_doubles_quotes.c:
#  Implicit rule search has been done.
#  Last modified 2022-08-23 17:03:45
#  File has been updated.
#  Successfully updated.
# variable set hash-table stats:
# Load=0/32=0%, Rehash=0, Collisions=0/0=0%

# Not a target:
Utils/ft_atoi.c:
#  Implicit rule search has been done.
#  Last modified 2022-08-23 16:40:38
#  File has been updated.
#  Successfully updated.
# variable set hash-table stats:
# Load=0/32=0%, Rehash=0, Collisions=0/0=0%

# Not a target:
Execution/input_validation_funcs.c:
#  Implicit rule search has been done.
#  Last modified 2022-08-23 16:19:09
#  File has been updated.
#  Successfully updated.
# variable set hash-table stats:
# Load=0/32=0%, Rehash=0, Collisions=0/0=0%

# Not a target:
Parsing/handling_quotes.c:
#  Implicit rule search has been done.
#  Last modified 2022-08-23 20:00:41
#  File has been updated.
#  Successfully updated.
# variable set hash-table stats:
# Load=0/32=0%, Rehash=0, Collisions=0/0=0%

Minishell: minishell.c Utils/ft_itoa.c Utils/validate_var_name.c Utils/free_funcs.c Utils/env_dup.c Utils/get_var_index.c Utils/ft_putstr_fd.c Utils/ft_atoi.c Utils/ft_strncpy.c Utils/ft_split.c Utils/ft_substr.c Utils/ft_strlen.c Utils/ft_strstr.c Utils/ft_strjoin.c Utils/ft_strcmp.c Utils/ft_strncmp.c Utils/ft_strdup.c Utils/ft_calloc.c Utils/ft_strchr.c Utils/ft_realloc.c Utils/ft_isalpha.c Utils/ft_isdigit.c Utils/gnl.c Utils/ft_strnstr.c Utils/get_var_val.c Parsing/singles_doubles_quotes.c Parsing/get_env_in_herdoc.c Parsing/get_env_variables.c Parsing/input_formating.c Parsing/spliting_with_spaces.c Parsing/input_analyse.c Parsing/input_counter.c Parsing/get_pipe_data.c Parsing/handling_quotes.c Parsing/check_parse_errors.c Builtins/mcd.c Builtins/mecho.c Builtins/menv.c Builtins/mexit.c Builtins/mexport.c Builtins/mpwd.c Builtins/munset.c Execution/execution.c Execution/input_validation_funcs.c
#  Implicit rule search has not been done.
#  Implicit/static pattern stem: `'
#  Last modified 2022-08-23 20:00:44
#  File has been updated.
#  Needs to be updated (-q is set).
# automatic
# @ := Minishell
# automatic
# % := 
# automatic
# * := 
# automatic
# + := minishell.c Utils/ft_itoa.c Utils/validate_var_name.c Utils/free_funcs.c Utils/env_dup.c Utils/get_var_index.c Utils/ft_putstr_fd.c Utils/ft_atoi.c Utils/ft_strncpy.c Utils/ft_split.c Utils/ft_substr.c Utils/ft_strlen.c Utils/ft_strstr.c Utils/ft_strjoin.c Utils/ft_strcmp.c Utils/ft_strncmp.c Utils/ft_strdup.c Utils/ft_calloc.c Utils/ft_strchr.c Utils/ft_realloc.c Utils/ft_isalpha.c Utils/ft_isdigit.c Utils/gnl.c Utils/ft_strnstr.c Utils/get_var_val.c Parsing/singles_doubles_quotes.c Parsing/get_env_in_herdoc.c Parsing/get_env_variables.c Parsing/input_formating.c Parsing/spliting_with_spaces.c Parsing/input_analyse.c Parsing/input_counter.c Parsing/get_pipe_data.c Parsing/handling_quotes.c Parsing/check_parse_errors.c Builtins/mcd.c Builtins/mecho.c Builtins/menv.c Builtins/mexit.c Builtins/mexport.c Builtins/mpwd.c Builtins/munset.c Execution/execution.c Execution/input_validation_funcs.c
# automatic
# | := 
# automatic
# < := minishell.c
# automatic
# ^ := minishell.c Utils/ft_itoa.c Utils/validate_var_name.c Utils/free_funcs.c Utils/env_dup.c Utils/get_var_index.c Utils/ft_putstr_fd.c Utils/ft_atoi.c Utils/ft_strncpy.c Utils/ft_split.c Utils/ft_substr.c Utils/ft_strlen.c Utils/ft_strstr.c Utils/ft_strjoin.c Utils/ft_strcmp.c Utils/ft_strncmp.c Utils/ft_strdup.c Utils/ft_calloc.c Utils/ft_strchr.c Utils/ft_realloc.c Utils/ft_isalpha.c Utils/ft_isdigit.c Utils/gnl.c Utils/ft_strnstr.c Utils/get_var_val.c Parsing/singles_doubles_quotes.c Parsing/get_env_in_herdoc.c Parsing/get_env_variables.c Parsing/input_formating.c Parsing/spliting_with_spaces.c Parsing/input_analyse.c Parsing/input_counter.c Parsing/get_pipe_data.c Parsing/handling_quotes.c Parsing/check_parse_errors.c Builtins/mcd.c Builtins/mecho.c Builtins/menv.c Builtins/mexit.c Builtins/mexport.c Builtins/mpwd.c Builtins/munset.c Execution/execution.c Execution/input_validation_funcs.c
# automatic
# ? := Parsing/check_parse_errors.c
# variable set hash-table stats:
# Load=8/32=25%, Rehash=0, Collisions=1/15=7%
#  commands to execute (from `Makefile', line 61):
	$(C_FLAGS) $(ADDI_FLAGS) $(C_READLINE_POMS) $(C_FILES) -o $(NAME)
	

# Not a target:
Utils/free_funcs.c:
#  Implicit rule search has been done.
#  Last modified 2022-08-23 16:40:33
#  File has been updated.
#  Successfully updated.
# variable set hash-table stats:
# Load=0/32=0%, Rehash=0, Collisions=0/0=0%

# Not a target:
Utils/get_var_index.c:
#  Implicit rule search has been done.
#  Last modified 2022-08-23 16:46:47
#  File has been updated.
#  Successfully updated.
# variable set hash-table stats:
# Load=0/32=0%, Rehash=0, Collisions=0/0=0%

fclean: clean
#  Phony target (prerequisite of .PHONY).
#  Implicit rule search has not been done.
#  File does not exist.
#  File has not been updated.

# Not a target:
Utils/gnl.c:
#  Implicit rule search has been done.
#  Last modified 2022-08-23 16:41:17
#  File has been updated.
#  Successfully updated.
# variable set hash-table stats:
# Load=0/32=0%, Rehash=0, Collisions=0/0=0%

# Not a target:
Builtins/mecho.c:
#  Implicit rule search has been done.
#  Last modified 2022-08-23 16:26:09
#  File has been updated.
#  Successfully updated.
# variable set hash-table stats:
# Load=0/32=0%, Rehash=0, Collisions=0/0=0%

# Not a target:
Utils/ft_strnstr.c:
#  Implicit rule search has been done.
#  Last modified 2022-08-09 11:04:05
#  File has been updated.
#  Successfully updated.
# variable set hash-table stats:
# Load=0/32=0%, Rehash=0, Collisions=0/0=0%

# Not a target:
Utils/ft_itoa.c:
#  Implicit rule search has been done.
#  Last modified 2022-08-23 16:43:57
#  File has been updated.
#  Successfully updated.
# variable set hash-table stats:
# Load=0/32=0%, Rehash=0, Collisions=0/0=0%

# Not a target:
Utils/ft_strlen.c:
#  Implicit rule search has been done.
#  Last modified 2022-08-09 11:04:05
#  File has been updated.
#  Successfully updated.
# variable set hash-table stats:
# Load=0/32=0%, Rehash=0, Collisions=0/0=0%

# Not a target:
Builtins/mpwd.c:
#  Implicit rule search has been done.
#  Last modified 2022-08-23 16:35:03
#  File has been updated.
#  Successfully updated.
# variable set hash-table stats:
# Load=0/32=0%, Rehash=0, Collisions=0/0=0%

# Not a target:
Utils/ft_isdigit.c:
#  Implicit rule search has been done.
#  Last modified 2022-08-09 11:04:05
#  File has been updated.
#  Successfully updated.
# variable set hash-table stats:
# Load=0/32=0%, Rehash=0, Collisions=0/0=0%

# Not a target:
Builtins/mexport.c:
#  Implicit rule search has been done.
#  Last modified 2022-08-23 16:33:52
#  File has been updated.
#  Successfully updated.
# variable set hash-table stats:
# Load=0/32=0%, Rehash=0, Collisions=0/0=0%

# Not a target:
.DEFAULT:
#  Implicit rule search has not been done.
#  Modification time never checked.
#  File has not been updated.

# Not a target:
Parsing/check_parse_errors.c:
#  Implicit rule search has been done.
#  Last modified 2022-08-23 20:00:57
#  File has been updated.
#  Successfully updated.
# variable set hash-table stats:
# Load=0/32=0%, Rehash=0, Collisions=0/0=0%

# Not a target:
 
Utils/ft_strjoin.c:
#  Implicit rule search has been done.
#  Last modified 2022-08-23 16:45:14
#  File has been updated.
#  Successfully updated.
# variable set hash-table stats:
# Load=0/32=0%, Rehash=0, Collisions=0/0=0%

# Not a target:
Utils/ft_split.c:
#  Implicit rule search has been done.
#  Last modified 2022-08-23 16:44:37
#  File has been updated.
#  Successfully updated.
# variable set hash-table stats:
# Load=0/32=0%, Rehash=0, Collisions=0/0=0%

re: fclean all
#  Phony target (prerequisite of .PHONY).
#  Implicit rule search has not been done.
#  File does not exist.
#  File has not been updated.

clean:
#  Phony target (prerequisite of .PHONY).
#  Implicit rule search has not been done.
#  File does not exist.
#  File has not been updated.
#  commands to execute (from `Makefile', line 64):
	rm -rf $(NAME)
	

# Not a target:
Utils/env_dup.c:
#  Implicit rule search has been done.
#  Last modified 2022-08-23 16:44:28
#  File has been updated.
#  Successfully updated.
# variable set hash-table stats:
# Load=0/32=0%, Rehash=0, Collisions=0/0=0%

# Not a target:
Parsing/spliting_with_spaces.c:
#  Implicit rule search has been done.
#  Last modified 2022-08-16 11:49:44
#  File has been updated.
#  Successfully updated.
# variable set hash-table stats:
# Load=0/32=0%, Rehash=0, Collisions=0/0=0%

# Not a target:
minishell.c:
#  Implicit rule search has been done.
#  Last modified 2022-08-23 19:59:02
#  File has been updated.
#  Successfully updated.
# variable set hash-table stats:
# Load=0/32=0%, Rehash=0, Collisions=0/0=0%

# Not a target:
Builtins/menv.c:
#  Implicit rule search has been done.
#  Last modified 2022-08-23 16:30:19
#  File has been updated.
#  Successfully updated.
# variable set hash-table stats:
# Load=0/32=0%, Rehash=0, Collisions=0/0=0%

# Not a target:
Builtins/mexit.c:
#  Implicit rule search has been done.
#  Last modified 2022-08-23 16:32:27
#  File has been updated.
#  Successfully updated.
# variable set hash-table stats:
# Load=0/32=0%, Rehash=0, Collisions=0/0=0%

# Not a target:
Parsing/input_formating.c:
#  Implicit rule search has been done.
#  Last modified 2022-08-23 19:55:42
#  File has been updated.
#  Successfully updated.
# variable set hash-table stats:
# Load=0/32=0%, Rehash=0, Collisions=0/0=0%

# Not a target:
Parsing/get_pipe_data.c:
#  Implicit rule search has been done.
#  Last modified 2022-08-23 18:53:40
#  File has been updated.
#  Successfully updated.
# variable set hash-table stats:
# Load=0/32=0%, Rehash=0, Collisions=0/0=0%

# Not a target:
Utils/validate_var_name.c:
#  Implicit rule search has been done.
#  Last modified 2022-08-23 16:47:49
#  File has been updated.
#  Successfully updated.
# variable set hash-table stats:
# Load=0/32=0%, Rehash=0, Collisions=0/0=0%

# Not a target:
Parsing/get_env_variables.c:
#  Implicit rule search has been done.
#  Last modified 2022-08-23 15:57:18
#  File has been updated.
#  Successfully updated.
# variable set hash-table stats:
# Load=0/32=0%, Rehash=0, Collisions=0/0=0%

# Not a target:
Utils/ft_calloc.c:
#  Implicit rule search has been done.
#  Last modified 2022-08-09 11:04:05
#  File has been updated.
#  Successfully updated.
# variable set hash-table stats:
# Load=0/32=0%, Rehash=0, Collisions=0/0=0%

# Not a target:
Builtins/mcd.c:
#  Implicit rule search has been done.
#  Last modified 2022-08-23 16:39:10
#  File has been updated.
#  Successfully updated.
# variable set hash-table stats:
# Load=0/32=0%, Rehash=0, Collisions=0/0=0%

# Not a target:
Utils/ft_substr.c:
#  Implicit rule search has been done.
#  Last modified 2022-08-23 16:45:19
#  File has been updated.
#  Successfully updated.
# variable set hash-table stats:
# Load=0/32=0%, Rehash=0, Collisions=0/0=0%

# files hash-table stats:
# Load=53/1024=5%, Rehash=0, Collisions=4/119=3%
# VPATH Search Paths

# No `vpath' search paths.

# No general (`VPATH' variable) search path.

# # of strings in strcache: 1
# # of strcache buffers: 1
# strcache size: total = 4096 / max = 4096 / min = 4096 / avg = 4096
# strcache free: total = 4087 / max = 4087 / min = 4087 / avg = 4087

# Finished Make data base on Tue Aug 23 23:44:52 2022

 
